2026-04-03 16:55:37,681 [DEBUG] Action: list-tables
2026-04-03 16:55:37,681 [DEBUG] Connection (masked): dynamodb://dummy:***@dynamodb.us-east-1.amazonaws.com:443?endpoint_url=http://localhost:8000
2026-04-03 16:55:38,524 [DEBUG] Result: 3 row(s)
2026-04-03 16:55:45,650 [DEBUG] Action: list-tables
2026-04-03 16:55:45,650 [DEBUG] Connection (masked): mongodb://testuser:***@localhost:27017/test_db?authSource=test_db
2026-04-03 16:55:46,176 [DEBUG] Result: 8 row(s)
2026-04-03 16:56:01,316 [DEBUG] Action: query
2026-04-03 16:56:01,316 [DEBUG] Connection (masked): mongodb://testuser:***@localhost:27017/test_db?authSource=test_db
2026-04-03 16:56:01,759 [DEBUG] Query: select * from categories
2026-04-03 16:56:01,903 [DEBUG] Result: 22 row(s)
2026-04-03 17:00:51,480 [DEBUG] Action: list-tables
2026-04-03 17:00:51,483 [DEBUG] Connection (masked): dynamodb://dummy:***@dynamodb.us-east-1.amazonaws.com:443?endpoint_url=http://localhost:8000
2026-04-03 17:00:52,396 [DEBUG] Result: 3 row(s)
2026-04-03 17:02:16,274 [DEBUG] Action: list-tables
2026-04-03 17:02:16,274 [DEBUG] Connection (masked): dynamodb://dummy:***@dynamodb.us-east-1.amazonaws.com:443?endpoint_url=http://localhost:8000
2026-04-03 17:02:17,027 [DEBUG] Result: 3 row(s)
2026-04-03 17:02:27,116 [DEBUG] Action: query
2026-04-03 17:02:27,116 [DEBUG] Connection (masked): dynamodb://dummy:***@dynamodb.us-east-1.amazonaws.com:443?endpoint_url=http://localhost:8000
2026-04-03 17:02:27,427 [DEBUG] Query: select key_partition, key_sort, col_1 from pyddb-poc-test2
2026-04-03 17:02:44,318 [DEBUG] Action: list-tables
2026-04-03 17:02:44,318 [DEBUG] Connection (masked): dynamodb://dummy:***@dynamodb.us-east-1.amazonaws.com:443?endpoint_url=http://localhost:8000
2026-04-03 17:02:45,182 [DEBUG] Result: 3 row(s)
2026-04-03 17:03:23,863 [DEBUG] Action: list-tables
2026-04-03 17:03:23,863 [DEBUG] Connection (masked): mongodb://testuser:***@localhost:27017/test_db?authSource=test_db
2026-04-03 17:03:24,369 [DEBUG] Result: 8 row(s)
2026-04-03 17:06:09,262 [DEBUG] Action: list-tables
2026-04-03 17:06:09,263 [DEBUG] Connection (masked): dynamodb://dummy:***@dynamodb.us-east-1.amazonaws.com:443?endpoint_url=http://localhost:8000
2026-04-03 17:06:10,100 [DEBUG] Result: 3 row(s)
2026-04-03 17:06:57,150 [DEBUG] Action: list-tables
2026-04-03 17:06:57,150 [DEBUG] Connection (masked): dynamodb://dummy:***@dynamodb.us-east-1.amazonaws.com:443?endpoint_url=http://localhost:8000
2026-04-03 17:06:58,023 [DEBUG] Result: 3 row(s)
2026-04-03 17:07:21,910 [DEBUG] Action: query
2026-04-03 17:07:21,910 [DEBUG] Connection (masked): dynamodb://dummy:***@dynamodb.us-east-1.amazonaws.com:443?endpoint_url=http://localhost:8000
2026-04-03 17:07:22,216 [DEBUG] Query: select key_partition, key_sort, col_1 from pyddb-poc-test2 limit 10
2026-04-03 17:07:29,096 [DEBUG] Result: 10 row(s)
2026-04-03 17:12:04,805 [DEBUG] Action: list-tables
2026-04-03 17:12:04,806 [DEBUG] Connection (masked): dynamodb://dummy:***@dynamodb.us-east-1.amazonaws.com:443?endpoint_url=http://localhost:8000
2026-04-03 17:12:05,639 [DEBUG] Result: 3 row(s)
2026-04-03 17:12:10,632 [DEBUG] Action: query
2026-04-03 17:12:10,632 [DEBUG] Connection (masked): dynamodb://dummy:***@dynamodb.us-east-1.amazonaws.com:443?endpoint_url=http://localhost:8000
2026-04-03 17:12:10,923 [DEBUG] Query: select key_partition, key_sort, col_1 from pyddb-poc-test2 limit 100
2026-04-03 17:12:15,574 [DEBUG] Action: query
2026-04-03 17:12:15,574 [DEBUG] Connection (masked): dynamodb://dummy:***@dynamodb.us-east-1.amazonaws.com:443?endpoint_url=http://localhost:8000
2026-04-03 17:12:15,908 [DEBUG] Query: select key_partition, key_sort, col_1 from pyddb-poc-test2 limit 100
2026-04-03 17:12:23,976 [DEBUG] Result: 100 row(s)
2026-04-03 17:12:30,410 [DEBUG] Action: query
2026-04-03 17:12:30,410 [DEBUG] Connection (masked): dynamodb://dummy:***@dynamodb.us-east-1.amazonaws.com:443?endpoint_url=http://localhost:8000
2026-04-03 17:12:30,681 [DEBUG] Query: select key_partition, key_sort, col_1 from pyddb-poc-test2 limit 100
2026-04-03 17:12:39,929 [DEBUG] Action: query
2026-04-03 17:12:39,929 [DEBUG] Connection (masked): dynamodb://dummy:***@dynamodb.us-east-1.amazonaws.com:443?endpoint_url=http://localhost:8000
2026-04-03 17:12:40,238 [DEBUG] Query: select key_partition, key_sort, col_1 from pyddb-poc-test2 limit 10000
2026-04-03 17:13:05,213 [DEBUG] Result: 10000 row(s)
2026-04-03 18:00:31,889 [DEBUG] Action: list-tables
2026-04-03 18:00:31,889 [DEBUG] Connection (masked): mongodb://testuser:***@localhost:27017/test_db?authSource=test_db
2026-04-03 18:00:32,396 [DEBUG] Result: 8 row(s)
2026-04-03 18:00:39,195 [DEBUG] Action: query
2026-04-03 18:00:39,195 [DEBUG] Connection (masked): dynamodb://dummy:***@dynamodb.us-east-1.amazonaws.com:443?endpoint_url=http://localhost:8000
2026-04-03 18:00:39,517 [DEBUG] Query: select key_partition, key_sort, col_1 from pyddb-poc-test2 limit 10000
2026-04-03 18:00:44,063 [DEBUG] Action: query
2026-04-03 18:00:44,063 [DEBUG] Connection (masked): mongodb://testuser:***@localhost:27017/test_db?authSource=test_db
2026-04-03 18:00:44,542 [DEBUG] Query: select * from suppliers
2026-04-03 18:00:44,672 [DEBUG] Result: 20 row(s)
2026-04-03 18:01:04,735 [DEBUG] Result: 10000 row(s)
2026-04-03 18:01:13,484 [DEBUG] Action: query
2026-04-03 18:01:13,484 [DEBUG] Connection (masked): mongodb://testuser:***@localhost:27017/test_db?authSource=test_db
2026-04-03 18:01:13,927 [DEBUG] Query: select * from suppliers
2026-04-03 18:01:14,085 [DEBUG] Result: 20 row(s)
2026-04-03 18:08:28,227 [DEBUG] Action: list-tables
2026-04-03 18:08:28,227 [DEBUG] Connection (masked): dynamodb://dummy:***@dynamodb.us-east-1.amazonaws.com:443?endpoint_url=http://localhost:8000
2026-04-03 18:08:29,017 [DEBUG] Result: 3 row(s)
2026-04-03 18:08:46,886 [DEBUG] Action: query
2026-04-03 18:08:46,887 [DEBUG] Connection (masked): dynamodb://dummy:***@dynamodb.us-east-1.amazonaws.com:443?endpoint_url=http://localhost:8000
2026-04-03 18:08:47,175 [DEBUG] Query: select key_partition, key_sort, col_1 from pyddb-poc-test2 limit 50
2026-04-03 18:08:53,835 [DEBUG] Result: 50 row(s)
2026-04-03 18:09:31,339 [DEBUG] Action: list-tables
2026-04-03 18:09:31,339 [DEBUG] Connection (masked): dynamodb://dummy:***@dynamodb.us-east-1.amazonaws.com:443?endpoint_url=http://localhost:8000
2026-04-03 18:09:32,156 [DEBUG] Result: 3 row(s)
2026-04-03 18:09:41,418 [DEBUG] Action: query
2026-04-03 18:09:41,418 [DEBUG] Connection (masked): dynamodb://dummy:***@dynamodb.us-east-1.amazonaws.com:443?endpoint_url=http://localhost:8000
2026-04-03 18:09:41,712 [DEBUG] Query: select key_partition, key_sort, col_1 from pyddb-poc-test2 LIMIT 10
2026-04-03 18:09:48,610 [DEBUG] Result: 10 row(s)
2026-04-03 18:09:53,235 [DEBUG] Action: query
2026-04-03 18:09:53,235 [DEBUG] Connection (masked): dynamodb://dummy:***@dynamodb.us-east-1.amazonaws.com:443?endpoint_url=http://localhost:8000
2026-04-03 18:09:53,539 [DEBUG] Query: select key_partition, key_sort, col_1 from pyddb-poc-test2 LIMIT 100
2026-04-03 18:10:00,084 [DEBUG] Result: 100 row(s)
2026-04-03 18:10:25,896 [DEBUG] Action: query
2026-04-03 18:10:25,896 [DEBUG] Connection (masked): dynamodb://dummy:***@dynamodb.us-east-1.amazonaws.com:443?endpoint_url=http://localhost:8000
2026-04-03 18:10:26,188 [DEBUG] Query: select key_partition, key_sort, col_1 from pyddb-poc-test2 LIMIT 10000
2026-04-03 18:10:50,556 [DEBUG] Result: 10000 row(s)
2026-04-03 18:10:56,878 [DEBUG] Action: query
2026-04-03 18:10:56,878 [DEBUG] Connection (masked): dynamodb://dummy:***@dynamodb.us-east-1.amazonaws.com:443?endpoint_url=http://localhost:8000
2026-04-03 18:10:57,180 [DEBUG] Query: select key_partition, key_sort, col_1 from pyddb-poc-test2
2026-04-03 18:13:06,247 [DEBUG] Result: 99556 row(s)
2026-04-03 18:17:06,987 [DEBUG] Action: list-tables
2026-04-03 18:17:06,987 [DEBUG] Connection (masked): mongodb://testuser:***@localhost:27017/test_db?authSource=test_db
2026-04-03 18:17:07,513 [DEBUG] Result: 8 row(s)
2026-04-03 18:17:16,418 [DEBUG] Action: query
2026-04-03 18:17:16,418 [DEBUG] Connection (masked): mongodb://testuser:***@localhost:27017/test_db?authSource=test_db
2026-04-03 18:17:16,830 [DEBUG] Query: select * from suppliers LIMIT 10
2026-04-03 18:17:16,984 [DEBUG] Result: 10 row(s)
